2016-12-02 11:57:10 - MOD: Modification Default

FILE: system/engine/action.php
REGEX: ~(require|include)(_once)?\(([^)]+)~
LINE: 41

FILE: system/engine/loader.php
REGEX: ~(require|include)(_once)?\(([^)]+)~
LINE: 49
LINE: 108
LINE: 120
LINE: 165

FILE: system/library/config.php
REGEX: ~(require|include)(_once)?\(([^)]+)~
LINE: 23

FILE: system/library/language.php
REGEX: ~(require|include)(_once)?\(([^)]+)~
LINE: 38
LINE: 40
LINE: 49
LINE: 51
LINE: 60
LINE: 62

FILE: system/library/template/php.php
REGEX: ~(require|include)(_once)?\(([^)]+)~
LINE: 18

FILE: system/library/template/tiwg.php
REGEX: ~(require|include)(_once)?\(([^)]+)~
LINE: 24
----------------------------------------------------------------
MOD: Local copy OCMOD by iSenseLabs

FILE: admin/controller/extension/installer.php
CODE: 'url'  => str_replace('&amp;', '&', $this->url->link('extension/installer/ftp', 'token=' . $this->session->data['token'],
LINE: 131
CODE: public function unzip() {
LINE: 292
----------------------------------------------------------------
2016-12-02 11:57:15 - MOD: Modification Default

FILE: system/engine/action.php
REGEX: ~(require|include)(_once)?\(([^)]+)~
LINE: 41

FILE: system/engine/loader.php
REGEX: ~(require|include)(_once)?\(([^)]+)~
LINE: 49
LINE: 108
LINE: 120
LINE: 165

FILE: system/library/config.php
REGEX: ~(require|include)(_once)?\(([^)]+)~
LINE: 23

FILE: system/library/language.php
REGEX: ~(require|include)(_once)?\(([^)]+)~
LINE: 38
LINE: 40
LINE: 49
LINE: 51
LINE: 60
LINE: 62

FILE: system/library/template/php.php
REGEX: ~(require|include)(_once)?\(([^)]+)~
LINE: 18

FILE: system/library/template/tiwg.php
REGEX: ~(require|include)(_once)?\(([^)]+)~
LINE: 24
----------------------------------------------------------------
MOD: Local copy OCMOD by iSenseLabs

FILE: admin/controller/extension/installer.php
CODE: 'url'  => str_replace('&amp;', '&', $this->url->link('extension/installer/ftp', 'token=' . $this->session->data['token'],
LINE: 131
CODE: public function unzip() {
LINE: 292
----------------------------------------------------------------
2016-12-02 11:58:11 - MOD: Modification Default

FILE: system/engine/action.php
REGEX: ~(require|include)(_once)?\(([^)]+)~
LINE: 41

FILE: system/engine/loader.php
REGEX: ~(require|include)(_once)?\(([^)]+)~
LINE: 49
LINE: 108
LINE: 120
LINE: 165

FILE: system/library/config.php
REGEX: ~(require|include)(_once)?\(([^)]+)~
LINE: 23

FILE: system/library/language.php
REGEX: ~(require|include)(_once)?\(([^)]+)~
LINE: 38
LINE: 40
LINE: 49
LINE: 51
LINE: 60
LINE: 62

FILE: system/library/template/php.php
REGEX: ~(require|include)(_once)?\(([^)]+)~
LINE: 18

FILE: system/library/template/tiwg.php
REGEX: ~(require|include)(_once)?\(([^)]+)~
LINE: 24
----------------------------------------------------------------
MOD: Export/Import Tool (V3.5) for Ocstore 2.x

FILE: admin/language/ru/common/menu.php
CODE: $_['text_backup']
LINE: 10

FILE: admin/language/ua/common/menu.php
CODE: $_['text_backup']
LINE: 15

FILE: admin/controller/common/column_left.php
CODE: if ($this->user->hasPermission('access', 'tool/log')) {
LINE: 635

FILE: admin/language/en-gb/common/column_left.php
CODE: $_['text_backup']
LINE: 9
----------------------------------------------------------------
MOD: Local copy OCMOD by iSenseLabs

FILE: admin/controller/extension/installer.php
CODE: 'url'  => str_replace('&amp;', '&', $this->url->link('extension/installer/ftp', 'token=' . $this->session->data['token'],
LINE: 131
CODE: public function unzip() {
LINE: 292
----------------------------------------------------------------
2016-12-02 12:43:25 - MOD: Modification Default

FILE: system/engine/action.php
REGEX: ~(require|include)(_once)?\(([^)]+)~
LINE: 41

FILE: system/engine/loader.php
REGEX: ~(require|include)(_once)?\(([^)]+)~
LINE: 49
LINE: 108
LINE: 120
LINE: 165

FILE: system/library/config.php
REGEX: ~(require|include)(_once)?\(([^)]+)~
LINE: 23

FILE: system/library/language.php
REGEX: ~(require|include)(_once)?\(([^)]+)~
LINE: 38
LINE: 40
LINE: 49
LINE: 51
LINE: 60
LINE: 62

FILE: system/library/template/php.php
REGEX: ~(require|include)(_once)?\(([^)]+)~
LINE: 18

FILE: system/library/template/tiwg.php
REGEX: ~(require|include)(_once)?\(([^)]+)~
LINE: 24
----------------------------------------------------------------
MOD: Export/Import Tool (V3.8) for OpenCart 2.x

FILE: admin/language/ru/common/menu.php
CODE: $_['text_backup']
LINE: 10

FILE: admin/language/ua/common/menu.php
CODE: $_['text_backup']
LINE: 15

FILE: admin/controller/common/column_left.php
CODE: if ($this->user->hasPermission('access', 'tool/log')) {
LINE: 635

FILE: admin/language/en-gb/common/column_left.php
CODE: $_['text_backup']
LINE: 9
----------------------------------------------------------------
MOD: Local copy OCMOD by iSenseLabs

FILE: admin/controller/extension/installer.php
CODE: 'url'  => str_replace('&amp;', '&', $this->url->link('extension/installer/ftp', 'token=' . $this->session->data['token'],
LINE: 131
CODE: public function unzip() {
LINE: 292
----------------------------------------------------------------
